<?xml version="1.0" encoding="UTF-8"?>
<testsuite xmlns:xsi="http://www.w3.org/2001/XMLSchema-instance" xsi:noNamespaceSchemaLocation="https://maven.apache.org/surefire/maven-surefire-plugin/xsd/surefire-test-report-3.0.xsd" version="3.0" name="testRunner.TestRunner" time="300.358" tests="6" errors="0" skipped="0" failures="1">
  <properties>
[...]
</properties>
  <testcase name="Add new Customer" classname="Customers" time="127.345">
    <system-out><![CDATA[
@sanity
Scenario: Add new Customer                                                                  # ./Features/Customers.feature:13
19:56:03.248 [main] INFO  stepDefinitions.NopCommerceSteps - *****************Launching Browser*****************
  ✔ Given User launch chrome browser                                                        # stepDefinitions.NopCommerceSteps.launch_chrome_browser()
19:56:03.401 [main] INFO  stepDefinitions.NopCommerceSteps - *****************Launching URL*****************
  ✔ When User opens URL "https://admin-demo.nopcommerce.com/login"                          # stepDefinitions.NopCommerceSteps.user_opens_URL(java.lang.String)
19:56:10.500 [main] INFO  stepDefinitions.NopCommerceSteps - *****************Providing login details*****************
  ✔ And User enters Email as "admin@yourstore.com" and Password as "admin"                  # stepDefinitions.NopCommerceSteps.enterCredentials(java.lang.String,java.lang.String)
19:56:12.165 [main] INFO  stepDefinitions.NopCommerceSteps - *****************Started login*****************
  ✔ And User Clicks on Login                                                                # stepDefinitions.NopCommerceSteps.clickLogin()
  ✔ Then User can view Dashboard                                                            # stepDefinitions.NopCommerceSteps.user_can_view_Dashboard()
19:56:22.384 [main] INFO  stepDefinitions.NopCommerceSteps - *****************User clicks on Customers Menu*****************
  ✔ When User clicks on Customers Menu                                                      # stepDefinitions.NopCommerceSteps.user_clicks_on_customers_menu()
19:56:25.829 [main] INFO  stepDefinitions.NopCommerceSteps - *****************User clicks on Customers Menu item*****************
  ✔ And click on customers menu item                                                        # stepDefinitions.NopCommerceSteps.click_on_customers_menu_item()
19:56:32.347 [main] INFO  stepDefinitions.NopCommerceSteps - *****************User clicks on Add new button*****************
  ✔ And click on Add new button                                                             # stepDefinitions.NopCommerceSteps.click_on_Add_new_button()
  ✔ Then User can view Add new customer page                                                # stepDefinitions.NopCommerceSteps.user_can_view_add_new_customer_page()
19:56:36.921 [main] INFO  stepDefinitions.NopCommerceSteps - *****************Adding new customer information*****************
  ✔ When User enter customer info                                                           # stepDefinitions.NopCommerceSteps.user_enter_customer_info()
19:56:43.577 [main] INFO  stepDefinitions.NopCommerceSteps - *****************Saving customer data*****************
  ✔ And click on Save button                                                                # stepDefinitions.NopCommerceSteps.click_on_save_button()
  ✔ Then User can view confirmation message "The new customer has been added successfully." # stepDefinitions.NopCommerceSteps.user_can_view_confirmation_message(java.lang.String)
19:56:49.254 [main] INFO  stepDefinitions.NopCommerceSteps - *****************Closing Browser*****************
  ✔ And close browser                                                                       # stepDefinitions.NopCommerceSteps.close_browser()
]]></system-out>
    <system-err><![CDATA[Nov 04, 2025 7:56:03 PM org.openqa.selenium.devtools.CdpVersionFinder findNearestMatch
WARNING: Unable to find an exact match for CDP version 141, returning the closest version; found: 139; Please update to a Selenium version that supports CDP version 141
]]></system-err>
  </testcase>
  <testcase name="Search Customer by EmailID #1" classname="Customers" time="58.741">
    <system-out><![CDATA[
@regression
Scenario: Search Customer by EmailID                                       # ./Features/Customers.feature:22
19:57:11.511 [main] INFO  stepDefinitions.NopCommerceSteps - *****************Launching Browser*****************
  ✔ Given User launch chrome browser                                       # stepDefinitions.NopCommerceSteps.launch_chrome_browser()
19:57:11.518 [main] INFO  stepDefinitions.NopCommerceSteps - *****************Launching URL*****************
  ✔ When User opens URL "https://admin-demo.nopcommerce.com/login"         # stepDefinitions.NopCommerceSteps.user_opens_URL(java.lang.String)
19:57:15.383 [main] INFO  stepDefinitions.NopCommerceSteps - *****************Providing login details*****************
  ✔ And User enters Email as "admin@yourstore.com" and Password as "admin" # stepDefinitions.NopCommerceSteps.enterCredentials(java.lang.String,java.lang.String)
19:57:17.431 [main] INFO  stepDefinitions.NopCommerceSteps - *****************Started login*****************
  ✔ And User Clicks on Login                                               # stepDefinitions.NopCommerceSteps.clickLogin()
  ✔ Then User can view Dashboard                                           # stepDefinitions.NopCommerceSteps.user_can_view_Dashboard()
19:57:32.362 [main] INFO  stepDefinitions.NopCommerceSteps - *****************User clicks on Customers Menu*****************
  ✔ When User clicks on Customers Menu                                     # stepDefinitions.NopCommerceSteps.user_clicks_on_customers_menu()
19:57:36.059 [main] INFO  stepDefinitions.NopCommerceSteps - *****************User clicks on Customers Menu item*****************
  ✔ And click on customers menu item                                       # stepDefinitions.NopCommerceSteps.click_on_customers_menu_item()
19:57:46.316 [main] INFO  stepDefinitions.NopCommerceSteps - *****************Searching existing customer using email id*****************
  ✔ And Enter Customer email                                               # stepDefinitions.NopCommerceSteps.enter_customer_email()
  ✔ And Click on search button                                             # stepDefinitions.NopCommerceSteps.click_on_search_button()
steve_gates@nopCommerce.com
  ✔ Then user should get email in the search table                         # stepDefinitions.NopCommerceSteps.user_should_get_email_in_the_search_table()
19:57:52.774 [main] INFO  stepDefinitions.NopCommerceSteps - *****************Closing Browser*****************
  ✔ And close browser                                                      # stepDefinitions.NopCommerceSteps.close_browser()
]]></system-out>
    <system-err><![CDATA[Nov 04, 2025 7:57:11 PM org.openqa.selenium.devtools.CdpVersionFinder findNearestMatch
WARNING: Unable to find an exact match for CDP version 141, returning the closest version; found: 139; Please update to a Selenium version that supports CDP version 141
]]></system-err>
  </testcase>
  <testcase name="Search Customer by EmailID #2" classname="Customers" time="39.622">
    <system-out><![CDATA[
@regression
Scenario: Search Customer by EmailID                                       # ./Features/Customers.feature:29
19:58:04.726 [main] INFO  stepDefinitions.NopCommerceSteps - *****************Launching Browser*****************
  ✔ Given User launch chrome browser                                       # stepDefinitions.NopCommerceSteps.launch_chrome_browser()
19:58:04.732 [main] INFO  stepDefinitions.NopCommerceSteps - *****************Launching URL*****************
  ✔ When User opens URL "https://admin-demo.nopcommerce.com/login"         # stepDefinitions.NopCommerceSteps.user_opens_URL(java.lang.String)
19:58:07.809 [main] INFO  stepDefinitions.NopCommerceSteps - *****************Providing login details*****************
  ✔ And User enters Email as "admin@yourstore.com" and Password as "admin" # stepDefinitions.NopCommerceSteps.enterCredentials(java.lang.String,java.lang.String)
19:58:09.757 [main] INFO  stepDefinitions.NopCommerceSteps - *****************Started login*****************
  ✔ And User Clicks on Login                                               # stepDefinitions.NopCommerceSteps.clickLogin()
  ✔ Then User can view Dashboard                                           # stepDefinitions.NopCommerceSteps.user_can_view_Dashboard()
19:58:19.122 [main] INFO  stepDefinitions.NopCommerceSteps - *****************User clicks on Customers Menu*****************
  ✔ When User clicks on Customers Menu                                     # stepDefinitions.NopCommerceSteps.user_clicks_on_customers_menu()
19:58:22.314 [main] INFO  stepDefinitions.NopCommerceSteps - *****************User clicks on Customers Menu item*****************
  ✔ And click on customers menu item                                       # stepDefinitions.NopCommerceSteps.click_on_customers_menu_item()
19:58:28.454 [main] INFO  stepDefinitions.NopCommerceSteps - *****************Searching customer by name*****************
  ✔ And Enter Customer FirstName                                           # stepDefinitions.NopCommerceSteps.enter_customer_firstname()
  ✔ And Enter Customer LastName                                            # stepDefinitions.NopCommerceSteps.enter_customer_lastname()
  ✔ And Click on search button                                             # stepDefinitions.NopCommerceSteps.click_on_search_button()
  ✔ Then user should get name in the search table                          # stepDefinitions.NopCommerceSteps.user_should_get_name_in_the_search_table()
19:58:34.956 [main] INFO  stepDefinitions.NopCommerceSteps - *****************Closing Browser*****************
  ✔ And close browser                                                      # stepDefinitions.NopCommerceSteps.close_browser()
]]></system-out>
    <system-err><![CDATA[Nov 04, 2025 7:58:04 PM org.openqa.selenium.devtools.CdpVersionFinder findNearestMatch
WARNING: Unable to find an exact match for CDP version 141, returning the closest version; found: 139; Please update to a Selenium version that supports CDP version 141
]]></system-err>
  </testcase>
  <testcase name="Successful Login with valid Credentials" classname="NopCommerce Login" time="29.353">
    <system-out><![CDATA[
@sanity
Scenario: Successful Login with valid Credentials                          # ./Features/Login.feature:4
19:58:41.223 [main] INFO  stepDefinitions.NopCommerceSteps - *****************Launching Browser*****************
  ✔ Given User launch chrome browser                                       # stepDefinitions.NopCommerceSteps.launch_chrome_browser()
19:58:41.235 [main] INFO  stepDefinitions.NopCommerceSteps - *****************Launching URL*****************
  ✔ When User opens URL "https://admin-demo.nopcommerce.com/login"         # stepDefinitions.NopCommerceSteps.user_opens_URL(java.lang.String)
19:58:45.685 [main] INFO  stepDefinitions.NopCommerceSteps - *****************Providing login details*****************
  ✔ And User enters Email as "admin@yourstore.com" and Password as "admin" # stepDefinitions.NopCommerceSteps.enterCredentials(java.lang.String,java.lang.String)
19:58:47.117 [main] INFO  stepDefinitions.NopCommerceSteps - *****************Started login*****************
  ✔ And User Clicks on Login                                               # stepDefinitions.NopCommerceSteps.clickLogin()
19:58:55.204 [main] INFO  stepDefinitions.NopCommerceSteps - *****************Login was successful*****************
  ✔ Then Page Title should be "Dashboard / nopCommerce administration"     # stepDefinitions.NopCommerceSteps.verify_pagetitle(java.lang.String)
19:58:55.217 [main] INFO  stepDefinitions.NopCommerceSteps - *****************Click on logout link*****************
  ✔ When User click on Log out link                                        # stepDefinitions.NopCommerceSteps.clickLogout()
19:59:03.540 [main] INFO  stepDefinitions.NopCommerceSteps - *****************Login was successful*****************
  ✔ Then Page Title should be "nopCommerce demo store. Login"              # stepDefinitions.NopCommerceSteps.verify_pagetitle(java.lang.String)
19:59:03.555 [main] INFO  stepDefinitions.NopCommerceSteps - *****************Closing Browser*****************
  ✔ And close browser                                                      # stepDefinitions.NopCommerceSteps.close_browser()
]]></system-out>
    <system-err><![CDATA[Nov 04, 2025 7:58:41 PM org.openqa.selenium.devtools.CdpVersionFinder findNearestMatch
WARNING: Unable to find an exact match for CDP version 141, returning the closest version; found: 139; Please update to a Selenium version that supports CDP version 141
]]></system-err>
  </testcase>
  <testcase name="Login Data Driven #1" classname="NopCommerce Login" time="25.919">
    <system-out><![CDATA[
@regression
Scenario Outline: Login Data Driven                                        # ./Features/Login.feature:27
19:59:09.528 [main] INFO  stepDefinitions.NopCommerceSteps - *****************Launching Browser*****************
  ✔ Given User launch chrome browser                                       # stepDefinitions.NopCommerceSteps.launch_chrome_browser()
19:59:09.533 [main] INFO  stepDefinitions.NopCommerceSteps - *****************Launching URL*****************
  ✔ When User opens URL "https://admin-demo.nopcommerce.com/login"         # stepDefinitions.NopCommerceSteps.user_opens_URL(java.lang.String)
19:59:12.790 [main] INFO  stepDefinitions.NopCommerceSteps - *****************Providing login details*****************
  ✔ And User enters Email as "admin@yourstore.com" and Password as "admin" # stepDefinitions.NopCommerceSteps.enterCredentials(java.lang.String,java.lang.String)
19:59:13.936 [main] INFO  stepDefinitions.NopCommerceSteps - *****************Started login*****************
  ✔ And User Clicks on Login                                               # stepDefinitions.NopCommerceSteps.clickLogin()
19:59:22.011 [main] INFO  stepDefinitions.NopCommerceSteps - *****************Login was successful*****************
  ✔ Then Page Title should be "Dashboard / nopCommerce administration"     # stepDefinitions.NopCommerceSteps.verify_pagetitle(java.lang.String)
19:59:22.025 [main] INFO  stepDefinitions.NopCommerceSteps - *****************Click on logout link*****************
  ✔ When User click on Log out link                                        # stepDefinitions.NopCommerceSteps.clickLogout()
19:59:30.057 [main] INFO  stepDefinitions.NopCommerceSteps - *****************Login was successful*****************
  ✔ Then Page Title should be "nopCommerce demo store. Login"              # stepDefinitions.NopCommerceSteps.verify_pagetitle(java.lang.String)
19:59:30.295 [main] INFO  stepDefinitions.NopCommerceSteps - *****************Closing Browser*****************
  ✔ And close browser                                                      # stepDefinitions.NopCommerceSteps.close_browser()
]]></system-out>
    <system-err><![CDATA[Nov 04, 2025 7:59:09 PM org.openqa.selenium.devtools.CdpVersionFinder findNearestMatch
WARNING: Unable to find an exact match for CDP version 141, returning the closest version; found: 139; Please update to a Selenium version that supports CDP version 141
]]></system-err>
  </testcase>
  <testcase name="Login Data Driven #2" classname="NopCommerce Login" time="15.789">
    <failure type="java.lang.AssertionError"><![CDATA[java.lang.AssertionError
	at org.junit.Assert.fail(Assert.java:86)
	at org.junit.Assert.assertTrue(Assert.java:41)
	at org.junit.Assert.assertTrue(Assert.java:52)
	at stepDefinitions.NopCommerceSteps.verify_pagetitle(NopCommerceSteps.java:96)
	at ✽.Page Title should be "Dashboard / nopCommerce administration"(file:///C:/workspaces/Sep2025/SeleniumCucumber/./Features/Login.feature:20)
]]></failure>
    <system-out><![CDATA[
@regression
Scenario Outline: Login Data Driven                                         # ./Features/Login.feature:28
19:59:35.089 [main] INFO  stepDefinitions.NopCommerceSteps - *****************Launching Browser*****************
  ✔ Given User launch chrome browser                                        # stepDefinitions.NopCommerceSteps.launch_chrome_browser()
19:59:35.092 [main] INFO  stepDefinitions.NopCommerceSteps - *****************Launching URL*****************
  ✔ When User opens URL "https://admin-demo.nopcommerce.com/login"          # stepDefinitions.NopCommerceSteps.user_opens_URL(java.lang.String)
19:59:38.596 [main] INFO  stepDefinitions.NopCommerceSteps - *****************Providing login details*****************
  ✔ And User enters Email as "admin1@yourstore.com" and Password as "admin" # stepDefinitions.NopCommerceSteps.enterCredentials(java.lang.String,java.lang.String)
19:59:39.707 [main] INFO  stepDefinitions.NopCommerceSteps - *****************Started login*****************
  ✔ And User Clicks on Login                                                # stepDefinitions.NopCommerceSteps.clickLogin()
19:59:46.277 [main] INFO  stepDefinitions.NopCommerceSteps - *****************Login was unsuccessful*****************
  ✘ Then Page Title should be "Dashboard / nopCommerce administration"      # stepDefinitions.NopCommerceSteps.verify_pagetitle(java.lang.String)
        java.lang.AssertionError
        	at org.junit.Assert.fail(Assert.java:86)
        	at org.junit.Assert.assertTrue(Assert.java:41)
        	at org.junit.Assert.assertTrue(Assert.java:52)
        	at stepDefinitions.NopCommerceSteps.verify_pagetitle(NopCommerceSteps.java:96)
        	at ✽.Page Title should be "Dashboard / nopCommerce administration"(file:///C:/workspaces/Sep2025/SeleniumCucumber/./Features/Login.feature:20)
  ↷ When User click on Log out link                                         # stepDefinitions.NopCommerceSteps.clickLogout()
  ↷ Then Page Title should be "nopCommerce demo store. Login"               # stepDefinitions.NopCommerceSteps.verify_pagetitle(java.lang.String)
  ↷ And close browser                                                       # stepDefinitions.NopCommerceSteps.close_browser()
]]></system-out>
    <system-err><![CDATA[Nov 04, 2025 7:59:35 PM org.openqa.selenium.devtools.CdpVersionFinder findNearestMatch
WARNING: Unable to find an exact match for CDP version 141, returning the closest version; found: 139; Please update to a Selenium version that supports CDP version 141
Nov 04, 2025 7:59:48 PM org.openqa.selenium.remote.http.WebSocket$Listener onError
WARNING: Connection reset
java.net.SocketException: Connection reset
	at java.base/sun.nio.ch.SocketChannelImpl.throwConnectionReset(SocketChannelImpl.java:401)
	at java.base/sun.nio.ch.SocketChannelImpl.read(SocketChannelImpl.java:434)
	at java.net.http/jdk.internal.net.http.SocketTube.readAvailable(SocketTube.java:1178)
	at java.net.http/jdk.internal.net.http.SocketTube$InternalReadPublisher$InternalReadSubscription.read(SocketTube.java:841)
	at java.net.http/jdk.internal.net.http.SocketTube$SocketFlowTask.run(SocketTube.java:181)
	at java.net.http/jdk.internal.net.http.common.SequentialScheduler$SchedulableTask.run(SequentialScheduler.java:207)
	at java.net.http/jdk.internal.net.http.common.SequentialScheduler.runOrSchedule(SequentialScheduler.java:280)
	at java.net.http/jdk.internal.net.http.common.SequentialScheduler.runOrSchedule(SequentialScheduler.java:233)
	at java.net.http/jdk.internal.net.http.SocketTube$InternalReadPublisher$InternalReadSubscription.signalReadable(SocketTube.java:782)
	at java.net.http/jdk.internal.net.http.SocketTube$InternalReadPublisher$ReadEvent.signalEvent(SocketTube.java:965)
	at java.net.http/jdk.internal.net.http.SocketTube$SocketFlowEvent.handle(SocketTube.java:253)
	at java.net.http/jdk.internal.net.http.HttpClientImpl$SelectorManager.handleEvent(HttpClientImpl.java:1477)
	at java.net.http/jdk.internal.net.http.HttpClientImpl$SelectorManager.lambda$run$3(HttpClientImpl.java:1422)
	at java.base/java.util.ArrayList.forEach(ArrayList.java:1596)
	at java.net.http/jdk.internal.net.http.HttpClientImpl$SelectorManager.run(HttpClientImpl.java:1422)

]]></system-err>
  </testcase>
</testsuite>